<?xml version="1.0" encoding="UTF-8"?>
<!-- Generated by org.testng.reporters.JUnitReportReporter -->
<testsuite hostname="DESKTOP-1I4CAL3" failures="0" tests="1" name="automationFramework.pCloudyLogin" time="12.240" errors="0" timestamp="2022-12-05T12:49:26 IST" skipped="0">
  <testcase classname="automationFramework.pCloudyLogin" name="loginTest" time="12.240"/>
  <system-out/>
</testsuite> <!-- automationFramework.pCloudyLogin -->
