<?xml version="1.0" encoding="UTF-8"?>
<!-- Generated by org.testng.reporters.JUnitReportReporter -->
<testsuite hostname="DESKTOP-1I4CAL3" failures="0" tests="1" name="simple1.two" time="3.422" errors="0" timestamp="2022-12-12T14:34:32 IST" skipped="0">
  <testcase classname="simple1.two" name="f" time="3.422"/>
  <system-out/>
</testsuite> <!-- simple1.two -->
