<?xml version="1.0" encoding="UTF-8"?>
<!-- Generated by org.testng.reporters.JUnitReportReporter -->
<testsuite hostname="DESKTOP-1I4CAL3" failures="0" tests="1" name="simple.one" time="5.878" errors="0" timestamp="2022-12-12T14:34:32 IST" skipped="0">
  <testcase classname="simple.one" name="startBrowser" time="5.878"/>
  <system-out/>
</testsuite> <!-- simple.one -->
