<?xml version="1.0" encoding="UTF-8"?>
<!-- Generated by org.testng.reporters.JUnitReportReporter -->
<testsuite hostname="DESKTOP-1I4CAL3" failures="0" tests="2" name="simple.Assert1" time="1.700" errors="0" timestamp="2022-12-12T14:34:32 IST" skipped="0">
  <testcase classname="simple.Assert1" name="OpenBrowser" time="1.608"/>
  <system-out>
    <![CDATA[The website used was toolsqa for this test]]>
  </system-out>
  <testcase classname="simple.Assert1" name="CloseBrowser" time="0.092"/>
  <system-out>
    <![CDATA[Driver Closed After Testing]]>
  </system-out>
</testsuite> <!-- simple.Assert1 -->
