<?xml version="1.0" encoding="UTF-8"?>
<!-- Generated by org.testng.reporters.JUnitReportReporter -->
<testsuite hostname="DESKTOP-1I4CAL3" failures="0" tests="1" name="Simple.Testcase1" time="10.365" errors="0" timestamp="2022-12-06T13:29:21 IST" skipped="0">
  <testcase classname="Simple.Testcase1" name="startBrowser" time="10.365"/>
  <system-out/>
</testsuite> <!-- Simple.Testcase1 -->
