<?xml version="1.0" encoding="UTF-8"?>
<!-- Generated by org.testng.reporters.JUnitReportReporter -->
<testsuite hostname="DESKTOP-1I4CAL3" failures="0" tests="2" name="simple.Prop" time="10.502" errors="0" timestamp="2022-12-09T17:34:55 IST" skipped="0">
  <testcase classname="simple.Prop" name="f" time="10.501"/>
  <system-out/>
  <testcase classname="simple.Prop" name="loadexe" time="0.001"/>
  <system-out/>
</testsuite> <!-- simple.Prop -->
