<?xml version="1.0" encoding="UTF-8"?>
<!-- Generated by org.testng.reporters.JUnitReportReporter -->
<testsuite hostname="DESKTOP-1I4CAL3" failures="0" tests="2" name="simple.CrossBrowser" time="11.652" errors="0" timestamp="2022-12-12T13:01:32 IST" skipped="0">
  <testcase classname="simple.CrossBrowser" name="testParameterWithXML" time="5.789"/>
  <system-out/>
  <testcase classname="simple.CrossBrowser" name="testParameterWithXML" time="5.863"/>
  <system-out/>
</testsuite> <!-- simple.CrossBrowser -->
